1123
103 885 897
106 884 913
349 561 396
108 849 352
535 1099 640
368 497 943
669 576 400
1038 485 943
70 680 180
604 558 382
736 617 927
918 864 364
781 1116 640
1103 861 352
1069 616 946
455 901 896
1072 899 918
163 825 186
799 391 477
987 1018 1065
1079 847 365
365 805 31
327 99 755
235 513 290
975 484 931
277 986 657
384 676 41
28 439 1032
171 1175 349
1027 68 864
151 693 706
388 1130 1089
224 349 59
46 105 38
871 917 100
467 308 316
1061 1095 619
429 786 1056
802 499 932
444 793 222
281 791 1178
985 997 989
72 141 439
419 847 558
548 338 314
674 139 422
7 30 861
82 472 43
653 272 1169
221 139 920
109 154 439
357 645 1140
458 821 16
558 225 221
637 833 1176
963 984 614
706 69 823
35 1173 388
67 159 174
1036 349 109
765 490 1077
691 786 329
547 137 569
203 463 476
289 233 1166
68 914 150
117 579 379
649 161 149
1097 710 1012
582 336 283
423 640 180
292 148 568
603 460 539
264 444 744
854 337 924
418 858 560
387 263 1003
190 727 1135
900 588 948
907 1003 847
386 409 43
570 589 826
270 785 1086
1087 544 504
275 435 1080
340 306 281
636 969 99
715 832 1135
833 1031 1053
725 1017 1055
848 276 466
283 102 69
948 821 29
97 1126 890
343 862 1016
698 1040 92
318 453 129
974 91 417
947 589 922
950 681 139
949 646 822
966 106 916
782 1092 936
85 419 424
1104 1028 1067
543 304 115
361 155 1053
469 232 683
841 151 29
702 136 952
69 299 919
254 815 222
335 941 658
628 213 547
914 4 970
1070 406 585
681 692 613
177 25 943
1120 682 159
378 236 623
865 710 708
818 1036 480
1094 1116 630
955 869 1043
170 580 1042
307 1147 184
693 779 859
14 325 1058
84 304 54
880 1178 500
665 3 945
195 825 208
94 680 1048
989 263 983
823 568 381
389 694 674
940 473 253
490 437 867
1078 72 64
363 935 615
360 618 269
169 803 20
588 300 97
1029 1002 946
1050 105 948
1065 27 966
370 185 148
215 594 1054
968 953 483
47 439 891
15 327 107
463 728 696
780 712 458
1060 941 393
523 522 755
513 1174 369
421 98 708
899 149 582
596 360 419
514 949 800
86 1117 932
409 1113 257
881 74 398
1089 902 908
599 443 44
755 959 987
911 270 501
960 139 937
196 172 26
402 242 205
451 488 1030
926 767 587
503 635 143
961 1101 1090
425 596 269
1051 694 690
0 792 490
743 397 539
896 678 1015
445 763 330
607 784 188
75 274 550
253 195 535
557 156 422
903 307 305
111 1194 769
473 595 1040
515 726 708
728 179 1031
748 544 491
773 827 863
951 1119 955
991 579 389
936 135 580
800 494 409
250 787 208
437 846 547
598 972 150
286 71 43
727 226 205
44 787 354
497 962 948
40 387 260
654 855 363
619 761 351
220 854 494
984 514 255
296 227 19
102 820 1090
584 247 469
449 810 14
585 282 1110
364 488 1046
537 60 625
12 81 166
58 519 410
1054 196 472
539 643 777
573 124 917
375 35 696
1057 652 1184
1074 413 472
1116 989 634
288 993 258
640 419 396
924 146 1154
912 716 1049
925 301 72
946 350 85
908 93 321
324 961 969
839 327 58
776 446 707
645 224 826
927 565 506
708 93 400
238 275 1190
572 87 131
62 815 33
27 91 295
861 146 1184
372 711 476
191 953 213
210 84 70
840 1036 809
740 1052 809
810 32 846
309 34 744
703 11 618
803 324 311
789 411 262
767 74 417
356 852 478
200 523 204
957 1192 495
32 548 485
204 501 296
54 1137 260
687 1033 393
657 964 611
494 175 1056
568 146 1101
1016 896 1008
635 950 610
420 812 493
428 796 567
240 1189 718
471 960 656
269 520 679
125 104 929
508 464 1028
1035 690 1017
1014 1140 118
48 445 677
152 298 880
22 1114 1087
682 187 175
859 176 264
849 451 154
176 254 981
95 798 556
747 1120 617
492 36 545
522 424 866
741 580 1053
1052 45 249
670 1092 956
663 810 184
1064 115 756
51 382 294
851 394 514
267 437 1055
1 84 152
135 813 1179
853 32 833
280 726 1186
777 1140 165
76 791 811
30 66 1189
988 960 24
251 78 37
132 898 1043
460 469 1082
236 775 806
852 1006 1179
836 1099 1107
754 1099 930
156 949 827
333 28 952
589 412 865
239 223 474
717 156 1042
60 650 138
813 949 256
130 420 370
1059 1053 823
701 1099 630
385 860 545
456 440 467
758 1178 486
811 1087 887
895 14 945
965 675 543
367 589 934
332 626 619
602 766 557
39 1003 963
980 410 12
341 450 1079
1100 327 1110
81 336 298
310 122 1175
730 65 1119
205 1169 1072
141 791 430
282 469 296
1030 403 367
1034 241 223
248 486 294
328 994 213
962 1143 142
1110 794 180
1080 1179 1020
575 775 821
110 696 543
186 596 243
660 377 620
410 691 480
745 1143 771
905 1133 1117
892 491 933
1107 932 153
290 1036 824
655 1013 465
744 425 541
824 1033 441
952 255 686
531 47 824
234 951 227
756 1127 861
561 317 924
986 245 535
967 148 422
845 808 1090
998 713 671
529 151 759
882 730 681
564 713 1037
672 1137 285
680 728 670
826 493 751
1114 241 215
618 422 261
888 500 254
172 917 122
87 467 750
96 224 212
611 1028 1061
794 200 502
1058 975 947
832 817 1055
897 1126 1121
29 242 980
64 678 1032
211 1141 717
185 787 340
34 1176 769
774 870 1010
158 240 1003
123 37 618
1022 280 530
921 621 245
247 603 921
867 338 1107
768 1099 1121
650 54 166
382 1190 382
919 80 139
150 1052 88
304 58 548
45 105 54
856 48 863
100 861 553
920 284 1069
1109 603 951
648 1040 1143
942 593 1047
164 1114 944
616 300 1061
956 1001 798
877 939 640
440 707 481
183 336 1068
219 1018 413
147 789 559
291 554 507
443 150 84
507 1023 1054
140 701 1134
1021 454 207
124 227 40
796 48 127
870 154 1030
785 957 843
400 1191 753
383 1193 1068
997 1038 1179
742 676 6
198 714 1022
366 664 144
1010 607 771
17 977 989
476 305 293
580 470 267
801 160 264
772 263 992
496 67 165
120 438 878
454 802 863
1081 835 1153
181 216 804
729 105 322
923 942 426
1007 26 710
634 88 1113
90 596 251
527 661 183
752 311 881
143 675 1131
835 320 283
155 30 820
996 996 229
278 762 341
837 831 489
632 1127 877
658 341 877
314 81 417
898 697 587
633 798 588
1019 178 1039
165 566 485
1002 156 431
380 558 484
1091 46 137
483 385 270
474 161 162
1032 472 11
465 989 949
450 463 502
559 66 1143
77 139 430
891 392 296
825 218 746
982 66 1095
822 815 1138
1106 893 1020
711 963 136
805 1165 1020
1009 172 147
506 997 974
262 690 456
821 524 716
1084 342 915
237 701 1047
869 7 958
486 676 23
302 789 1138
475 110 1101
217 1076 94
935 73 130
549 711 467
578 933 94
601 410 891
1056 164 95
326 713 42
938 619 603
846 1108 264
9 230 1183
893 430 889
876 883 1044
315 1126 849
526 114 705
424 60 574
546 790 1158
413 785 1071
879 1041 78
166 90 37
762 297 624
433 952 152
928 393 617
502 530 1171
571 1040 55
26 619 546
331 975 211
59 641 163
978 422 286
279 514 270
396 1044 809
553 150 575
1063 93 306
718 1112 956
66 970 390
554 366 365
246 979 461
1075 522 179
806 498 401
540 1105 620
820 949 628
656 1169 1055
19 78 54
1037 419 273
885 179 1047
415 372 613
623 945 456
566 1065 92
828 1100 851
910 298 1107
104 587 1041
162 149 1125
1033 10 549
1045 772 840
322 588 805
858 74 845
398 1113 620
311 418 297
536 126 324
945 975 259
79 1141 757
510 235 659
646 641 797
188 141 583
857 795 1092
977 234 206
700 1170 1037
775 1102 954
1102 994 244
303 1037 816
362 1048 825
719 506 410
308 405 620
342 93 408
268 6 692
757 297 897
639 1087 849
779 863 1034
724 773 330
683 1108 933
972 376 408
563 813 853
1031 116 951
819 45 165
416 223 100
592 505 694
620 466 676
784 1042 824
133 15 971
872 974 645
493 626 826
468 1076 82
797 565 1133
542 564 1152
1096 566 492
11 624 583
339 111 718
394 956 14
427 179 171
759 1176 183
816 148 708
532 1193 345
1113 1186 466
80 150 729
453 58 604
569 705 681
213 329 879
933 161 1033
101 247 1173
844 778 556
678 84 397
675 233 221
478 394 587
538 795 468
173 688 473
953 43 311
337 170 1030
694 621 263
379 1194 735
544 188 94
863 22 693
778 156 59
624 381 427
834 402 426
979 837 426
901 952 95
16 961 258
119 1132 1102
187 8 247
1066 924 23
576 597 260
995 935 25
873 605 245
600 313 1112
121 1191 171
276 1127 256
915 995 489
91 289 762
393 169 176
860 695 562
875 635 541
732 32 725
560 186 158
222 19 740
138 1138 272
878 523 142
56 144 745
944 1004 1145
1053 567 499
917 408 610
533 94 46
817 1192 117
615 444 185
941 960 5
306 230 508
391 689 464
178 478 137
712 789 585
922 803 1166
23 824 821
753 586 1054
462 503 728
466 820 1076
209 100 1185
581 567 1171
808 229 87
439 444 521
122 544 1134
417 1113 851
1043 626 774
43 1191 1023
78 177 282
545 1113 889
764 1176 473
179 991 810
733 240 988
399 1172 721
890 127 945
297 622 252
667 494 393
1047 967 222
294 565 1160
426 472 281
505 723 7
432 165 1055
194 1004 1169
791 853 545
407 979 849
664 532 1132
913 128 930
258 1005 824
249 724 39
351 255 1003
447 925 9
485 767 354
787 590 788
1071 704 456
8 282 1093
381 246 741
233 819 1064
71 201 18
731 505 201
593 802 1054
4 587 778
197 968 795
696 897 1031
686 799 1133
127 800 1148
10 61 127
6 402 260
313 1108 1116
442 1041 65
180 953 242
530 310 912
271 551 1168
452 1158 764
750 25 306
541 177 270
376 1077 70
350 606 268
245 242 995
643 175 157
316 882 1011
737 489 260
916 1092 948
884 231 641
404 1194 462
272 293 1085
265 533 1154
1073 775 354
42 67 1167
299 1107 284
344 489 676
651 1159 113
113 224 60
684 235 758
707 473 1058
128 978 976
688 982 792
1046 360 382
504 992 833
243 104 297
348 402 295
647 606 815
1006 541 1163
690 61 836
904 97 728
771 697 458
160 1176 116
638 1159 717
677 800 1081
1108 1098 890
1048 1132 279
57 810 203
662 133 758
1003 669 1156
115 282 625
334 519 126
721 52 849
518 427 27
735 947 21
52 289 643
49 374 584
583 500 276
868 420 892
519 969 628
112 1176 459
207 342 890
520 1127 286
812 275 683
746 789 447
610 1053 815
550 828 848
709 872 1026
1024 276 826
477 100 289
345 567 1142
63 1139 735
182 47 150
722 516 382
517 140 715
788 788 841
330 1180 1075
2 374 602
969 604 932
105 383 366
319 700 476
459 933 3
1055 132 706
371 400 594
301 45 293
516 229 72
228 410 872
699 382 281
202 19 957
929 293 689
74 257 1191
605 723 1165
403 169 1049
1017 118 322
671 807 807
377 343 902
831 1091 875
431 74 408
1092 411 883
317 322 1076
411 324 84
274 1051 55
751 767 575
1004 820 808
263 241 1194
710 609 829
697 270 746
20 688 32
13 768 566
556 531 1141
499 946 847
154 90 59
293 252 821
148 261 624
591 326 907
954 803 432
973 528 1163
359 503 149
435 247 1003
244 1108 274
159 779 587
738 554 1144
55 974 123
1112 417 505
412 550 498
714 855 458
579 125 288
528 8 312
676 706 32
320 171 281
685 697 41
501 261 1176
1098 254 1163
149 1013 1142
137 363 396
397 477 192
354 27 244
586 386 584
395 273 808
889 25 287
1005 322 294
847 59 153
18 210 89
414 165 264
392 461 1043
1020 853 552
405 1101 942
644 408 599
352 117 295
295 928 133
1090 28 269
930 984 224
227 646 616
157 984 962
804 600 942
142 1086 864
369 556 1135
489 46 271
1068 477 726
134 465 175
641 429 876
61 584 1047
498 724 24
970 970 426
199 1039 1170
1067 381 592
93 1114 280
408 524 160
1011 523 382
886 1117 287
815 125 315
883 615 789
790 706 5
793 959 116
216 614 243
261 32 565
795 1114 1122
1076 297 822
1119 502 390
1042 452 21
41 780 347
679 285 743
761 961 816
436 1017 1179
401 1122 1111
464 202 73
1023 422 883
242 188 165
193 660 168
760 248 988
338 813 23
829 148 432
932 372 592
855 455 1059
83 824 1160
689 967 835
92 797 194
1095 855 426
174 666 611
24 492 384
629 771 345
145 1080 54
567 623 810
630 1012 1151
606 501 177
609 932 15
88 794 1066
511 165 281
976 1124 1099
992 509 384
353 33 591
487 486 206
259 523 402
161 102 311
25 7 746
716 114 288
214 806 451
1121 559 500
184 160 282
1018 810 1072
786 170 267
959 116 932
1082 1041 1153
305 626 565
118 479 703
329 106 736
1041 839 464
126 1191 363
612 115 316
373 1025 1179
167 779 337
770 174 71
50 1160 161
260 1107 1104
1093 968 246
937 409 281
257 1000 394
488 843 445
666 711 695
792 884 1031
642 80 403
1117 520 393
232 1046 817
5 400 412
481 1190 146
136 298 656
981 398 271
705 183 52
597 1059 57
1115 1098 866
902 1189 1048
521 1115 877
887 9 585
617 330 894
273 815 472
783 160 271
146 714 20
827 521 387
336 198 35
1111 242 1183
206 542 1145
1039 1073 60
256 1054 73
1122 387 385
114 800 577
241 830 807
713 947 133
33 384 611
1118 1150 730
430 328 1090
491 1117 266
590 717 684
472 694 468
1062 699 1028
1001 338 1090
625 938 111
842 648 591
438 142 575
906 806 1063
943 966 233
1026 805 824
766 692 1039
749 60 137
769 588 767
1101 769 337
661 1064 81
448 1123 264
325 179 276
565 137 733
300 654 546
814 169 166
441 1034 1150
934 418 875
763 560 1172
524 703 466
168 618 257
999 1186 476
595 498 381
208 792 577
862 97 1160
479 818 429
1015 1002 1157
192 118 1134
321 298 677
723 544 1173
850 318 891
577 292 805
1012 681 573
99 495 125
864 855 440
704 1032 1143
695 1173 752
668 255 993
284 827 437
652 160 276
1040 1130 270
285 1115 1097
38 1066 64
739 122 299
673 233 213
613 212 769
931 258 761
1008 697 1159
512 644 566
993 125 721
994 998 434
983 1181 740
484 1023 1147
562 1068 53
622 942 11
1000 438 492
153 128 742
131 612 251
964 981 237
807 604 799
509 612 262
470 268 636
434 391 282
1086 515 399
1105 1013 1159
116 243 804
347 1105 876
1085 1153 746
552 679 1189
909 948 4
692 168 1040
457 1016 1170
266 84 409
555 778 568
594 605 255
390 8 292
574 299 746
374 354 366
798 309 899
1049 690 7
223 777 579
587 274 652
346 71 149
525 556 492
551 485 277
37 671 590
298 440 6
231 9 268
866 1107 860
1044 1167 142
65 1118 867
189 119 306
894 813 1154
21 516 389
1028 174 275
461 16 726
1025 397 604
446 818 840
144 284 665
226 692 1178
175 306 1078
225 254 642
36 267 667
355 977 811
129 274 781
971 1164 737
838 128 294
107 296 788
255 8 710
621 504 381
3 253 663
958 226 789
229 1114 1108
312 661 567
608 3 730
98 399 284
1088 1024 1141
480 206 47
726 786 571
252 978 828
482 551 1155
139 827 833
614 508 403
358 1031 1167
1099 128 308
406 386 601
843 311 1094
627 1195 476
534 95 1135
990 166 271
1077 1067 73
809 1118 275
830 164 278
659 226 773
212 804 839
422 252 780
626 128 300
31 509 393
874 1125 277
89 1029 1154
218 482 168
939 1042 1163
495 113 309
1013 858 433
734 118 738
73 1036 1162
1083 1022 1165
720 394 401
323 698 18
500 1024 1157
287 169 275
631 110 302
230 303 767
53 259 800
201 825 456
